<!--
  ~ iTransformer is an open source tool able to discover and transform
  ~  IP network infrastructures.
  ~  Copyright (C) 2012  http://itransformers.net
  ~
  ~  This program is free software: you can redistribute it and/or modify
  ~  it under the terms of the GNU General Public License as published by
  ~  the Free Software Foundation, either version 3 of the License, or
  ~  any later version.
  ~
  ~  This program is distributed in the hope that it will be useful,
  ~  but WITHOUT ANY WARRANTY; without even the implied warranty of
  ~  MERCHANTABILITY or FITNESS FOR A PARTICULAR PURPOSE.  See the
  ~  GNU General Public License for more details.
  ~
  ~  You should have received a copy of the GNU General Public License
  ~  along with this program.  If not, see <http://www.gnu.org/licenses/>.
  -->

<assertions>
    <assert type="xpath" name="check_ipv6Forwarding_YES">
        <parameter name="xpath">//DiscoveredDevice/parameters/parameter[name='ipv6Forwarding']/value</parameter>
        <parameter name="expectedValue">YES</parameter>
    </assert>
    <assert type="xpath" name="check_ipv6Forwarding_NO">
        <parameter name="xpath">//DiscoveredDevice/parameters/parameter[name='ipv6Forwarding']/value</parameter>
        <parameter name="expectedValue">NO</parameter>
    </assert>
    <!--assert type="xpath" name="Check Books">
        <parameter name="xpath">//LIBRARY//BOOKS//BOOK[@isbn='DFGH09093232']//NAME</parameter>
        <parameter name="expectedValue">XPATH for Dummies</parameter>
    </assert-->
    <assert type="contains">
        <parameter name="IgnoreCase">true</parameter>
        <parameter name="UseRegExp">false</parameter>
        <parameter name="notContains">false</parameter>
        <parameter name="expectedValue">Java Programing</parameter>
    </assert>
    <assert type="script">
        <parameter name="script"><![CDATA[
                def books = document.getElementsByTagName("neighbor")
                def found = false;
                books.each{ if (it.getAttribute("isbn") == "DFGH09093232") found = true}
                return found
                ]]></parameter>
    </assert>
    <assertTypes>
        <assertType name="xpath" class="net.itransformers.assertions.impl.XPathAssertion"/>
        <assertType name="contains" class="net.itransformers.assertions.impl.ContainsAssertion"/>
        <assertType name="script" class="net.itransformers.assertions.impl.ScriptAssertion"/>
    </assertTypes>
</assertions>